Determining if the pthread_create exist failed with the following output:
Change Dir: /home/alex/Documents/Meca/PM_proyecto_final/src/graphical_client/CMakeFiles/CMakeTmp

Run Build Command(s):/usr/bin/gmake cmTC_6b029/fast 
/usr/bin/gmake -f CMakeFiles/cmTC_6b029.dir/build.make CMakeFiles/cmTC_6b029.dir/build
gmake[1]: Entering directory '/home/alex/Documents/Meca/PM_proyecto_final/src/graphical_client/CMakeFiles/CMakeTmp'
Building C object CMakeFiles/cmTC_6b029.dir/CheckSymbolExists.c.o
/usr/bin/cc    -o CMakeFiles/cmTC_6b029.dir/CheckSymbolExists.c.o   -c /home/alex/Documents/Meca/PM_proyecto_final/src/graphical_client/CMakeFiles/CMakeTmp/CheckSymbolExists.c
Linking C executable cmTC_6b029
/usr/bin/cmake -E cmake_link_script CMakeFiles/cmTC_6b029.dir/link.txt --verbose=1
/usr/bin/cc      -rdynamic CMakeFiles/cmTC_6b029.dir/CheckSymbolExists.c.o  -o cmTC_6b029 
/usr/bin/ld: CMakeFiles/cmTC_6b029.dir/CheckSymbolExists.c.o: in function `main':
CheckSymbolExists.c:(.text+0x16): undefined reference to `pthread_create'
collect2: error: ld returned 1 exit status
gmake[1]: *** [CMakeFiles/cmTC_6b029.dir/build.make:87: cmTC_6b029] Error 1
gmake[1]: Leaving directory '/home/alex/Documents/Meca/PM_proyecto_final/src/graphical_client/CMakeFiles/CMakeTmp'
gmake: *** [Makefile:121: cmTC_6b029/fast] Error 2

File /home/alex/Documents/Meca/PM_proyecto_final/src/graphical_client/CMakeFiles/CMakeTmp/CheckSymbolExists.c:
/* */
#include <pthread.h>

int main(int argc, char** argv)
{
  (void)argv;
#ifndef pthread_create
  return ((int*)(&pthread_create))[argc];
#else
  (void)argc;
  return 0;
#endif
}

Determining if the function pthread_create exists in the pthreads failed with the following output:
Change Dir: /home/alex/Documents/Meca/PM_proyecto_final/src/graphical_client/CMakeFiles/CMakeTmp

Run Build Command(s):/usr/bin/gmake cmTC_85a2d/fast 
/usr/bin/gmake -f CMakeFiles/cmTC_85a2d.dir/build.make CMakeFiles/cmTC_85a2d.dir/build
gmake[1]: Entering directory '/home/alex/Documents/Meca/PM_proyecto_final/src/graphical_client/CMakeFiles/CMakeTmp'
Building C object CMakeFiles/cmTC_85a2d.dir/CheckFunctionExists.c.o
/usr/bin/cc   -DCHECK_FUNCTION_EXISTS=pthread_create   -o CMakeFiles/cmTC_85a2d.dir/CheckFunctionExists.c.o   -c /usr/share/cmake/Modules/CheckFunctionExists.c
Linking C executable cmTC_85a2d
/usr/bin/cmake -E cmake_link_script CMakeFiles/cmTC_85a2d.dir/link.txt --verbose=1
/usr/bin/cc  -DCHECK_FUNCTION_EXISTS=pthread_create    -rdynamic CMakeFiles/cmTC_85a2d.dir/CheckFunctionExists.c.o  -o cmTC_85a2d -lpthreads 
/usr/bin/ld: cannot find -lpthreads
collect2: error: ld returned 1 exit status
gmake[1]: *** [CMakeFiles/cmTC_85a2d.dir/build.make:87: cmTC_85a2d] Error 1
gmake[1]: Leaving directory '/home/alex/Documents/Meca/PM_proyecto_final/src/graphical_client/CMakeFiles/CMakeTmp'
gmake: *** [Makefile:121: cmTC_85a2d/fast] Error 2


